clientTime	Local Time (hrs)	Boat Speed (kn) [H5000 Analog Expansion : 009780#]	Boat Speed (kn) [DST200 : 2006922]	Boat Speed (kn) [ST900 : BETA 6]	Boat Speed (kn) [DST200 : 3441103]	Boat Speed (kn) [H5000 Boat Speed : 009169#]
170207-114649.30		0.00	0.00	0.00	0.00	0.00	
170207-114649.49		0.00	0.00	0.00	0.00	0.00	
170207-114649.69		0.00	0.00	0.00	0.00	0.00	
170207-114649.89		0.00	0.00	0.00	0.00	0.00	
170207-114650.09		0.00	0.00	0.00	0.00	0.00	
170207-114650.29		0.00	0.00	0.00	0.00	0.00	
170207-114650.49		0.00	0.00	0.00	0.00	0.00	
170207-114650.69		0.00	0.00	0.00	0.00	0.00	
170207-114650.89		0.00	0.00	0.00	0.00	0.00	
170207-114651.09		0.00	0.00	0.00	0.00	0.00	
170207-114651.29		0.00	0.00	0.00	0.00	0.00	
170207-114651.49		0.00	0.00	0.00	0.00	0.00	
170207-114651.69		0.00	0.00	0.00	0.00	0.00	
170207-114651.89		0.00	0.00	0.00	0.00	0.00	
170207-114652.09		0.00	0.00	0.00	0.00	0.00	
170207-114652.29		0.00	0.00	0.00	0.00	0.00	
170207-114652.49		0.00	0.00	0.00	0.00	0.00	
170207-114652.69		0.00	0.00	0.00	0.00	0.00	
170207-114652.89		0.00	0.00	0.00	0.00	0.00	
170207-114653.09		0.00	0.00	0.00	0.00	0.00	
170207-114653.29		0.00	0.00	0.00	0.00	0.00	
170207-114653.49		0.00	0.00	0.00	0.00	0.00	
170207-114653.69		0.00	0.00	0.00	0.00	0.00	
170207-114653.89		0.00	0.00	0.00	0.00	0.00	
170207-114654.09		0.00	0.00	0.00	0.00	0.00	
170207-114654.29		0.00	0.00	0.00	0.00	0.00	
170207-114654.49		0.00	0.00	0.00	0.00	0.00	
170207-114654.69		0.00	0.00	0.00	0.00	0.00	
170207-114654.89		0.00	0.00	0.00	0.00	0.00	
170207-114655.09		0.00	0.00	0.00	0.00	0.00	
170207-114655.29		0.00	0.00	0.00	0.00	0.00	
170207-114655.49		0.00	0.00	0.00	0.00	0.00	
170207-114655.69		0.00	0.00	0.00	0.00	0.00	
170207-114655.89		0.00	0.00	0.00	0.00	0.00	
170207-114656.09		0.00	0.00	0.00	0.00	0.00	
170207-114656.29		0.00	0.00	0.00	0.00	0.00	
170207-114656.49		0.00	0.00	0.00	0.00	0.00	
170207-114656.69		0.00	0.00	0.00	0.00	0.00	
170207-114656.89		0.00	0.00	0.00	0.00	0.00	
170207-114657.09		0.00	0.00	0.00	0.00	0.00	
170207-114657.29		0.00	0.00	0.00	0.00	0.00	
170207-114657.49		0.00	0.00	0.00	0.00	0.00	
170207-114657.69		0.00	0.00	0.00	0.00	0.00	
170207-114657.89		0.00	0.00	0.00	0.00	0.00	
170207-114658.09		0.00	0.00	0.00	0.00	0.00	
170207-114658.29		0.00	0.00	0.00	0.00	0.00	
170207-114658.49		0.00	0.00	0.00	0.00	0.00	
170207-114658.69		0.00	0.00	0.00	0.00	0.00	
170207-114658.89		0.00	0.00	0.00	0.00	0.00	
170207-114659.09		0.00	0.00	0.00	0.00	0.00	
170207-114659.29		0.00	0.00	0.00	0.00	0.00	
170207-114659.49		0.00	0.00	0.00	0.00	0.00	
170207-114659.69		0.00	0.00	0.00	0.00	0.00	
170207-114659.89		0.00	0.00	0.00	0.00	0.00	
170207-114700.09		0.00	0.00	0.00	0.00	0.00	
170207-114700.29		0.00	0.00	0.00	0.00	0.00	
170207-114700.49		0.00	0.00	0.00	0.00	0.00	
170207-114700.69		0.00	0.00	0.00	0.00	0.00	
170207-114700.89		0.00	0.00	0.00	0.00	0.00	
170207-114701.09		0.00	0.00	0.00	0.00	0.00	
170207-114701.29		0.00	0.00	0.00	0.00	0.00	
170207-114701.49		0.00	0.00	0.00	0.00	0.00	
170207-114701.69		0.00	0.00	0.00	0.00	0.00	
170207-114701.89		0.00	0.00	0.00	0.00	0.00	
170207-114702.09		0.00	0.00	0.00	0.00	0.00	
170207-114702.29		0.00	0.00	0.00	0.00	0.00	
170207-114702.49		0.00	0.00	0.00	0.00	0.00	
170207-114702.69		0.00	0.00	0.00	0.00	0.00	
170207-114702.89		0.00	0.00	0.00	0.00	0.00	
170207-114703.09		0.00	0.00	0.00	0.00	0.00	
170207-114703.29		0.00	0.00	0.00	0.00	0.00	
170207-114703.49		0.00	0.00	0.00	0.00	0.00	
170207-114703.69		0.00	0.00	0.00	0.00	0.00	
170207-114703.89		0.00	0.00	0.00	0.00	0.00	
170207-114704.09		0.00	0.00	0.00	0.00	0.00	
170207-114704.29		0.00	0.00	0.00	0.00	0.00	
170207-114704.49		0.00	0.00	0.00	0.00	0.00	
170207-114704.69		0.00	0.00	0.00	0.00	0.00	
170207-114704.89		0.00	0.00	0.00	0.00	0.00	
170207-114705.09		0.00	0.00	0.00	0.00	0.00	
170207-114705.29		0.00	0.00	0.00	0.00	0.00	
170207-114705.49		0.00	0.00	0.00	0.00	0.00	
170207-114705.69		0.00	0.00	0.00	0.00	0.00	
170207-114705.89		0.00	0.00	0.00	0.00	0.00	
170207-114706.09		0.00	0.00	0.00	0.00	0.00	
170207-114706.29		0.00	0.00	0.00	0.00	0.00	
170207-114706.49		0.00	0.00	0.00	0.00	0.00	
170207-114706.69		0.00	0.00	0.00	0.00	0.00	
170207-114706.89		0.00	0.00	0.00	0.00	0.00	
170207-114707.09		0.00	0.00	0.00	0.00	0.00	
170207-114707.29		0.00	0.00	0.00	0.00	0.00	
170207-114707.49		0.00	0.00	0.00	0.00	0.00	
170207-114707.69		0.00	0.00	0.00	0.00	0.00	
170207-114707.89		0.00	0.00	0.00	0.00	0.00	
170207-114708.10		0.00	0.00	0.00	0.00	0.00	
170207-114708.29		0.00	0.00	0.00	0.00	0.00	
170207-114708.49		0.00	0.00	0.00	0.00	0.00	
170207-114708.69		0.00	0.00	0.00	0.00	0.00	
170207-114708.89		0.00	0.00	0.00	0.00	0.00	
170207-114709.09		0.00	0.00	0.00	0.00	0.00	
170207-114709.29		0.00	0.00	0.00	0.00	0.00	
170207-114709.49		0.00	0.00	0.00	0.00	0.00	
170207-114709.69		0.00	0.00	0.00	0.00	0.00	
170207-114709.89		0.00	0.00	0.00	0.00	0.00	
170207-114710.09		0.00	0.00	0.00	0.00	0.00	
170207-114710.29		0.00	0.00	0.00	0.00	0.00	
170207-114710.49		0.00	0.00	0.00	0.00	0.00	
170207-114710.69		0.00	0.00	0.00	0.00	0.00	
170207-114710.89		0.00	0.00	0.00	0.00	0.00	
170207-114711.09		0.00	0.00	0.00	0.00	0.00	
170207-114711.29		0.00	0.00	0.00	0.00	0.00	
170207-114711.49		0.00	0.00	0.00	0.00	0.00	
170207-114711.69		0.00	0.00	0.00	0.00	0.00	
170207-114711.89		0.00	0.00	0.00	0.00	0.00	
170207-114712.09		0.00	0.00	0.00	0.00	0.00	
170207-114712.29		0.00	0.00	0.00	0.00	0.00	
170207-114712.49		0.00	0.00	0.00	0.00	0.00	
170207-114712.69		0.00	0.00	0.00	0.00	0.00	
170207-114712.89		0.00	0.00	0.00	0.00	0.00	
170207-114713.09		0.00	0.00	0.00	0.00	0.00	
170207-114713.29		0.00	0.00	0.00	0.00	0.00	
170207-114713.49		0.00	0.00	0.00	0.00	0.00	
170207-114713.69		0.00	0.00	0.00	0.00	0.00	
170207-114713.89		0.00	0.00	0.00	0.00	0.00	
170207-114714.09		0.00	0.00	0.00	0.00	0.00	
170207-114714.29		0.00	0.00	0.00	0.00	0.00	
170207-114714.49		0.00	0.00	0.00	0.00	0.00	
170207-114714.69		0.00	0.00	0.00	0.00	0.00	
170207-114714.89		0.00	0.00	0.00	0.00	0.00	
170207-114715.09		0.00	0.00	0.00	0.00	0.00	
170207-114715.29		0.00	0.00	0.00	0.00	0.00	
170207-114715.49		0.00	0.00	0.00	0.00	0.00	
170207-114715.69		0.00	0.00	0.00	0.00	0.00	
170207-114715.89		0.00	0.00	0.00	0.00	0.00	
170207-114716.09		0.00	0.00	0.00	0.00	0.00	
170207-114716.29		0.00	0.00	0.00	0.00	0.00	
170207-114716.49		0.00	0.00	0.00	0.00	0.00	
170207-114716.69		0.00	0.00	0.00	0.00	0.00	
170207-114716.89		0.00	0.00	0.00	0.00	0.00	
170207-114717.09		0.00	0.00	0.00	0.00	0.00	
170207-114717.29		0.00	0.00	0.00	0.00	0.00	
170207-114717.49		0.00	0.00	0.00	0.00	0.00	
170207-114717.69		0.00	0.00	0.00	0.00	0.00	
170207-114717.89		0.00	0.00	0.00	0.00	0.00	
170207-114718.09		0.00	0.00	0.00	0.00	0.00	
170207-114718.29		0.00	0.12	0.00	0.00	0.00	
170207-114718.49		0.00	0.12	0.00	0.00	0.00	
170207-114718.69		0.00	0.12	0.00	0.00	0.00	
170207-114718.89		0.00	0.12	0.00	0.00	0.16	
170207-114719.09		0.08	0.12	0.00	0.00	0.34	
170207-114719.29		0.21	0.58	0.00	0.41	0.53	
170207-114719.49		0.21	0.58	0.00	0.41	0.53	
170207-114719.69		0.35	0.58	0.00	0.41	0.93	
170207-114719.89		0.45	0.58	0.00	0.41	1.37	
170207-114720.09		0.45	0.58	0.00	0.41	1.58	
170207-114720.29		0.56	1.09	0.00	0.99	1.64	
170207-114720.49		0.68	1.09	0.00	0.99	1.67	
170207-114720.69		0.68	1.09	0.00	0.99	1.68	
170207-114720.89		0.76	1.09	0.00	0.99	1.67	
170207-114721.09		0.76	1.09	0.00	0.99	1.64	
170207-114721.29		0.76	1.61	0.00	1.46	1.64	
170207-114721.49		0.84	1.61	0.00	1.46	1.59	
170207-114721.69		0.84	1.61	0.00	1.46	1.48	
170207-114721.89		0.84	1.61	0.00	1.46	1.48	
170207-114722.09		0.84	1.61	0.00	1.46	1.40	
170207-114722.29		0.78	1.94	0.00	1.90	1.32	
170207-114722.49		0.78	1.94	0.00	1.90	1.32	
170207-114722.72		0.78	1.94	0.00	1.90	1.24	
170207-114722.89		0.78	1.94	0.00	1.90	1.24	
170207-114723.09		0.68	1.94	0.00	1.90	1.15	
170207-114723.29		0.68	1.85	0.00	1.85	1.15	
170207-114723.49		0.68	1.85	0.00	1.85	1.05	
170207-114723.69		0.68	1.85	0.00	1.85	0.98	
170207-114723.89		0.68	1.85	0.00	1.85	0.98	
170207-114724.09		0.68	1.85	0.00	1.85	0.91	
170207-114724.29		0.68	1.69	0.00	1.59	0.91	
170207-114724.49		0.68	1.69	0.00	1.59	0.91	
170207-114724.69		0.68	1.69	0.00	1.59	0.82	
170207-114724.89		0.68	1.69	0.00	1.59	0.82	
170207-114725.09		0.00	1.69	0.00	1.59	0.75	
170207-114725.29		0.00	1.48	0.00	1.40	0.75	
170207-114725.49		0.00	1.48	0.00	1.40	0.75	
170207-114725.69		0.00	1.48	0.00	1.40	0.69	
170207-114725.89		0.00	1.48	0.00	1.40	0.69	
170207-114726.09		0.00	1.48	0.00	1.40	0.69	
170207-114726.29		0.00	1.30	0.00	1.21	0.64	
170207-114726.49		0.00	1.30	0.00	1.21	0.64	
170207-114726.69		0.00	1.30	0.00	1.21	0.64	
170207-114726.89		0.00	1.30	0.00	1.21	0.59	
170207-114727.09		0.00	1.30	0.00	1.21	0.59	
170207-114727.29		0.00	1.17	0.00	1.11	0.59	
170207-114727.49		0.00	1.17	0.00	1.11	0.56	
170207-114727.69		0.00	1.17	0.00	1.11	0.56	
170207-114727.89		0.00	1.17	0.00	1.11	0.56	
170207-114728.09		0.00	1.17	0.00	1.11	0.51	
170207-114728.29		0.00	1.17	0.00	0.99	0.51	
170207-114728.49		0.00	1.17	0.00	0.99	0.51	
170207-114728.69		0.00	1.17	0.00	0.99	0.51	
170207-114728.89		0.00	1.17	0.00	0.99	0.46	
170207-114729.09		0.00	1.17	0.00	0.99	0.46	
170207-114729.29		0.00	1.03	0.00	0.93	0.46	
170207-114729.49		0.00	1.03	0.00	0.93	0.46	
170207-114729.69		0.00	1.03	0.00	0.93	0.44	
170207-114729.89		0.00	1.03	0.00	0.93	0.44	
170207-114730.09		0.00	1.03	0.00	0.93	0.44	
170207-114730.29		0.00	0.99	0.00	0.93	0.44	
170207-114730.49		0.00	0.99	0.00	0.93	0.44	
170207-114730.69		0.00	0.99	0.00	0.93	0.43	
170207-114730.89		0.00	0.99	0.00	0.93	0.43	
170207-114731.09		0.00	0.99	0.00	0.93	0.43	
170207-114731.29		0.00	1.03	0.00	0.89	0.43	
170207-114731.49		0.00	1.03	0.00	0.89	0.43	
170207-114731.69		0.00	1.03	0.00	0.89	0.43	
170207-114731.89		0.00	1.03	0.00	0.89	0.43	
170207-114732.09		0.00	1.03	0.00	0.89	0.43	
170207-114732.29		0.00	0.99	0.00	0.86	0.43	
170207-114732.49		0.00	0.99	0.00	0.86	0.44	
170207-114732.69		0.00	0.99	0.00	0.86	0.44	
170207-114732.89		0.00	0.99	0.00	0.86	0.44	
170207-114733.09		0.00	0.99	0.00	0.86	0.45	
170207-114733.29		0.00	0.99	0.00	0.84	0.45	
170207-114733.49		0.00	0.99	0.00	0.84	0.45	
170207-114733.69		0.00	0.99	0.00	0.84	0.45	
170207-114733.89		0.00	0.99	0.00	0.84	0.45	
170207-114734.09		0.00	0.99	0.00	0.84	0.45	
170207-114734.29		0.00	0.99	0.00	0.80	0.43	
170207-114734.49		0.00	0.99	0.00	0.80	0.43	
170207-114734.69		0.00	0.99	0.00	0.80	0.43	
170207-114734.89		0.00	0.99	0.00	0.80	0.43	
170207-114735.09		0.00	0.99	0.00	0.80	0.43	
170207-114735.29		0.00	0.97	0.00	0.80	0.43	
170207-114735.49		0.00	0.97	0.00	0.80	0.43	
170207-114735.69		0.00	0.97	0.00	0.80	0.43	
170207-114735.89		0.00	0.97	0.00	0.80	0.43	
170207-114736.09		0.00	0.97	0.00	0.80	0.42	
170207-114736.29		0.00	0.97	0.00	0.80	0.42	
170207-114736.49		0.00	0.97	0.00	0.80	0.42	
170207-114736.69		0.00	0.97	0.00	0.80	0.43	
170207-114736.89		0.00	0.97	0.00	0.80	0.43	
170207-114737.09		0.00	0.97	0.00	0.80	0.43	
170207-114737.29		0.00	0.97	0.00	0.80	0.42	
170207-114737.49		0.00	0.97	0.00	0.80	0.42	
170207-114737.69		0.00	0.97	0.00	0.80	0.42	
170207-114737.89		0.00	0.97	0.00	0.80	0.42	
170207-114738.09		0.00	0.97	0.00	0.80	0.42	
170207-114738.29		0.00	0.97	0.00	0.76	0.42	
170207-114738.49		0.00	0.97	0.00	0.76	0.42	
170207-114738.69		0.00	0.97	0.00	0.76	0.41	
170207-114738.89		0.00	0.97	0.00	0.76	0.41	
170207-114739.09		0.00	0.97	0.00	0.76	0.41	
170207-114739.29		0.00	0.97	0.00	0.76	0.44	
170207-114739.49		0.00	0.97	0.00	0.76	0.44	
170207-114739.69		0.00	0.97	0.00	0.76	0.44	
170207-114739.89		0.00	0.97	0.00	0.76	0.45	
170207-114740.09		0.00	0.97	0.00	0.76	0.45	
170207-114740.29		0.00	0.93	0.00	0.72	0.45	
170207-114740.49		0.00	0.93	0.00	0.72	0.44	
170207-114740.69		0.00	0.93	0.00	0.72	0.44	
170207-114740.89		0.00	0.93	0.00	0.72	0.44	
170207-114741.09		0.00	0.93	0.00	0.72	0.44	
170207-114741.29		0.00	0.93	0.00	0.72	0.44	
170207-114741.49		0.00	0.93	0.00	0.72	0.44	
170207-114741.69		0.00	0.93	0.00	0.72	0.44	
170207-114741.89		0.00	0.93	0.00	0.72	0.43	
170207-114742.09		0.00	0.93	0.00	0.72	0.43	
170207-114742.29		0.00	0.93	0.00	0.54	0.43	
170207-114742.49		0.00	0.93	0.00	0.54	0.43	
170207-114742.69		0.00	0.93	0.00	0.54	0.43	
170207-114742.89		0.00	0.93	0.00	0.54	0.43	
170207-114743.09		0.00	0.93	0.00	0.54	0.43	
170207-114743.29		0.00	0.89	0.00	0.47	0.43	
170207-114743.49		0.00	0.89	0.00	0.47	0.43	
170207-114743.69		0.00	0.89	0.00	0.47	0.45	
170207-114743.89		0.00	0.89	0.00	0.47	0.45	
170207-114744.09		0.00	0.89	0.00	0.47	0.45	
170207-114744.29		0.00	0.93	0.00	0.51	0.45	
170207-114744.49		0.00	0.93	0.00	0.51	0.45	
170207-114744.69		0.00	0.93	0.00	0.51	0.45	
170207-114744.89		0.00	0.93	0.00	0.51	0.45	
170207-114745.09		0.00	0.93	0.00	0.51	0.45	
170207-114745.29		0.00	0.93	0.00	0.51	0.45	
170207-114745.49		0.00	0.93	0.00	0.51	0.44	
170207-114745.69		0.00	0.93	0.00	0.51	0.44	
170207-114745.89		0.00	0.93	0.00	0.51	0.44	
170207-114746.09		0.00	0.93	0.00	0.51	0.44	
170207-114746.29		0.00	0.93	0.00	0.68	0.44	
170207-114746.49		0.00	0.93	0.00	0.68	0.43	
170207-114746.69		0.00	0.93	0.00	0.68	0.43	
170207-114746.89		0.00	0.93	0.00	0.68	0.43	
170207-114747.09		0.00	0.93	0.00	0.68	0.43	
170207-114747.29		0.00	0.99	0.00	0.72	0.43	
170207-114747.49		0.00	0.99	0.00	0.72	0.43	
170207-114747.69		0.00	0.99	0.00	0.72	0.43	
170207-114747.89		0.00	0.99	0.00	0.72	0.43	
170207-114748.11		0.00	0.99	0.00	0.72	0.43	
170207-114748.29		0.00	0.99	0.00	0.72	0.43	
170207-114748.49		0.00	0.99	0.00	0.72	0.43	
170207-114748.69		0.00	0.99	0.00	0.72	0.43	
170207-114748.89		0.00	0.99	0.00	0.72	0.43	
170207-114749.09		0.00	0.99	0.00	0.72	0.43	
170207-114749.29		0.00	0.99	0.00	0.54	0.41	
170207-114749.49		0.00	0.99	0.00	0.54	0.41	
170207-114749.69		0.00	0.99	0.00	0.54	0.41	
170207-114749.89		0.00	0.99	0.00	0.54	0.40	
170207-114750.09		0.00	0.99	0.00	0.54	0.40	
170207-114750.29		0.00	0.99	0.00	0.54	0.40	
170207-114750.49		0.00	0.99	0.00	0.54	0.41	
170207-114750.69		0.00	0.99	0.00	0.54	0.41	
170207-114750.89		0.00	0.99	0.00	0.54	0.41	
170207-114751.09		0.00	0.99	0.00	0.54	0.41	
170207-114751.29		0.00	0.99	0.00	0.51	0.41	
170207-114751.49		0.00	0.99	0.00	0.51	0.41	
170207-114751.69		0.00	0.99	0.00	0.51	0.43	
170207-114751.89		0.00	0.99	0.00	0.51	0.43	
170207-114752.09		0.00	0.99	0.00	0.51	0.43	
170207-114752.29		0.00	0.99	0.00	0.47	0.43	
170207-114752.49		0.00	0.99	0.00	0.47	0.43	
170207-114752.70		0.00	0.99	0.00	0.47	0.43	
170207-114752.90		0.00	0.99	0.00	0.47	0.43	
170207-114753.10		0.00	0.99	0.00	0.47	0.43	
170207-114753.29		0.00	0.99	0.00	0.64	0.43	
170207-114753.50		0.00	0.99	0.00	0.64	0.43	
170207-114753.70		0.00	0.99	0.00	0.64	0.43	
170207-114753.90		0.00	0.99	0.00	0.64	0.43	
170207-114754.11		0.00	0.99	0.00	0.64	0.43	
170207-114754.29		0.00	0.99	0.00	0.58	0.44	
170207-114754.50		0.00	0.99	0.00	0.58	0.44	
170207-114754.70		0.00	0.99	0.00	0.58	0.44	
170207-114754.89		0.00	0.99	0.00	0.58	0.45	
170207-114755.10		0.00	0.99	0.00	0.58	0.45	
170207-114755.29		0.00	0.99	0.00	0.47	0.45	
170207-114755.50		0.00	0.99	0.00	0.47	0.45	
170207-114755.70		0.00	0.99	0.00	0.47	0.45	
170207-114755.89		0.00	0.99	0.00	0.47	0.45	
170207-114756.09		0.00	0.99	0.00	0.47	0.45	
170207-114756.29		0.00	0.99	0.00	0.41	0.45	
170207-114756.50		0.00	0.99	0.00	0.41	0.45	
170207-114756.70		0.00	0.99	0.00	0.41	0.45	
170207-114756.89		0.00	0.99	0.00	0.41	0.44	
170207-114757.11		0.00	0.99	0.00	0.41	0.44	
170207-114757.29		0.00	0.99	0.00	0.41	0.44	
170207-114757.50		0.00	0.99	0.00	0.41	0.44	
170207-114757.70		0.00	0.99	0.00	0.41	0.44	
170207-114757.89		0.00	0.99	0.00	0.41	0.45	
170207-114758.12		0.00	0.99	0.00	0.41	0.45	
170207-114758.30		0.00	0.99	0.00	0.29	0.45	
170207-114758.50		0.00	0.99	0.00	0.29	0.45	
170207-114758.70		0.00	0.99	0.00	0.29	0.45	
170207-114758.94		0.00	0.99	0.00	0.29	0.45	
170207-114759.11		0.00	0.99	0.00	0.29	0.45	
170207-114759.29		0.00	0.97	0.00	0.29	0.44	
170207-114759.50		0.00	0.97	0.00	0.29	0.44	
170207-114759.70		0.00	0.97	0.00	0.29	0.44	
170207-114759.90		0.00	0.97	0.00	0.29	0.44	
170207-114800.11		0.00	0.97	0.00	0.29	0.44	
170207-114800.29		0.00	0.99	0.00	0.29	0.44	
170207-114800.50		0.00	0.99	0.00	0.29	0.45	
170207-114800.70		0.00	0.99	0.00	0.29	0.45	
170207-114800.90		0.00	0.99	0.00	0.29	0.45	
170207-114801.14		0.00	0.99	0.00	0.29	0.44	
170207-114801.29		0.00	0.99	0.00	0.29	0.44	
170207-114801.50		0.00	0.99	0.00	0.29	0.44	
170207-114801.70		0.00	0.99	0.00	0.29	0.45	
170207-114801.90		0.00	0.99	0.00	0.29	0.45	
170207-114802.09		0.00	0.99	0.00	0.29	0.45	
170207-114802.29		0.00	0.99	0.00	0.47	0.45	
170207-114802.50		0.00	0.99	0.00	0.47	0.45	
170207-114802.70		0.00	0.99	0.00	0.47	0.45	
170207-114802.89		0.00	0.99	0.00	0.47	0.45	
170207-114803.10		0.00	0.99	0.00	0.47	0.43	
170207-114803.29		0.00	0.99	0.00	0.47	0.43	
170207-114803.50		0.00	0.99	0.00	0.47	0.43	
170207-114803.70		0.00	0.99	0.00	0.47	0.43	
170207-114803.89		0.00	0.99	0.00	0.47	0.43	
170207-114804.09		0.00	0.99	0.00	0.47	0.43	
170207-114804.29		0.00	0.97	0.00	0.35	0.43	
170207-114804.49		0.00	0.97	0.00	0.35	0.43	
170207-114804.70		0.00	0.97	0.00	0.35	0.43	
170207-114804.89		0.00	0.97	0.00	0.35	0.43	
170207-114805.09		0.00	0.97	0.00	0.35	0.42	
170207-114805.29		0.00	0.97	0.00	0.17	0.42	
170207-114805.49		0.00	0.97	0.00	0.17	0.42	
170207-114805.70		0.00	0.97	0.00	0.17	0.41	
170207-114805.89		0.00	0.97	0.00	0.17	0.41	
170207-114806.09		0.00	0.97	0.00	0.17	0.41	
170207-114806.29		0.00	0.97	0.00	0.00	0.41	
170207-114806.49		0.00	0.97	0.00	0.00	0.41	
170207-114806.70		0.00	0.97	0.00	0.00	0.40	
170207-114806.89		0.00	0.97	0.00	0.00	0.40	
170207-114807.09		0.00	0.97	0.00	0.00	0.40	
170207-114807.29		0.00	0.93	0.00	0.00	0.40	
170207-114807.49		0.00	0.93	0.00	0.00	0.38	
170207-114807.70		0.00	0.93	0.00	0.00	0.38	
170207-114807.90		0.00	0.93	0.00	0.00	0.38	
170207-114808.09		0.00	0.93	0.00	0.00	0.38	
170207-114808.29		0.00	0.93	0.00	0.19	0.38	
170207-114808.50		0.00	0.93	0.00	0.19	0.38	
170207-114808.70		0.00	0.93	0.00	0.19	0.39	
170207-114808.89		0.00	0.93	0.00	0.19	0.39	
170207-114809.09		0.00	0.93	0.00	0.19	0.39	
170207-114809.29		0.00	0.97	0.00	0.33	0.40	
170207-114809.49		0.00	0.97	0.00	0.33	0.40	
170207-114809.70		0.00	0.97	0.00	0.33	0.40	
170207-114809.89		0.00	0.97	0.00	0.33	0.41	
170207-114810.09		0.00	0.97	0.00	0.33	0.41	
170207-114810.29		0.00	1.03	0.00	0.52	0.41	
170207-114810.49		0.00	1.03	0.00	0.52	0.42	
170207-114810.70		0.00	1.03	0.00	0.52	0.42	
170207-114810.89		0.00	1.03	0.00	0.52	0.43	
170207-114811.10		0.00	1.03	0.00	0.52	0.43	
170207-114811.29		0.00	1.07	0.00	0.52	0.43	
170207-114811.50		0.00	1.07	0.00	0.52	0.43	
170207-114811.70		0.00	1.07	0.00	0.52	0.45	
170207-114811.89		0.00	1.07	0.00	0.52	0.45	
170207-114812.09		0.00	1.07	0.00	0.52	0.47	
170207-114812.29		0.00	1.07	0.00	0.45	0.47	
170207-114812.50		0.00	1.07	0.00	0.45	0.47	
170207-114812.69		0.00	1.07	0.00	0.45	0.48	
170207-114812.89		0.00	1.07	0.00	0.45	0.48	
170207-114813.08		0.00	1.07	0.00	0.45	0.48	
170207-114813.29		0.00	1.03	0.00	0.51	0.48	
170207-114813.48		0.00	1.03	0.00	0.51	0.48	
170207-114813.69		0.00	1.03	0.00	0.51	0.48	
170207-114813.88		0.00	1.03	0.00	0.51	0.48	
170207-114814.09		0.00	1.03	0.00	0.51	0.48	
170207-114814.28		0.00	0.76	0.00	0.29	0.48	
170207-114814.49		0.00	0.76	0.00	0.29	0.48	
170207-114814.69		0.00	0.76	0.00	0.29	0.00	
170207-114814.89		0.00	0.76	0.00	0.29	0.00	
170207-114815.09		0.00	0.76	0.00	0.29	0.00	
170207-114815.29		0.00	0.49	0.00	0.29	0.00	
170207-114815.49		0.00	0.49	0.00	0.29	0.00	
170207-114815.69		0.00	0.49	0.00	0.29	0.00	
170207-114815.88		0.00	0.49	0.00	0.29	0.00	
170207-114816.08		0.00	0.49	0.00	0.29	0.00	
170207-114816.28		0.00	0.23	0.00	0.17	0.00	
170207-114816.49		0.00	0.23	0.00	0.17	0.00	
170207-114816.69		0.00	0.23	0.00	0.17	0.00	
170207-114816.88		0.00	0.23	0.00	0.17	0.00	
170207-114817.08		0.00	0.23	0.00	0.17	0.00	
170207-114817.29		0.00	0.00	0.00	0.00	0.00	
170207-114817.48		0.00	0.00	0.00	0.00	0.00	
170207-114817.69		0.00	0.00	0.00	0.00	0.00	
170207-114817.89		0.00	0.00	0.00	0.00	0.00	
170207-114818.09		0.00	0.00	0.00	0.00	0.00	
170207-114818.28		0.00	0.00	0.00	0.00	0.00	
170207-114818.48		0.00	0.00	0.00	0.00	0.00	
170207-114818.69		0.00	0.00	0.00	0.00	0.00	
170207-114818.88		0.00	0.00	0.00	0.00	0.00	
170207-114819.08		0.00	0.00	0.00	0.00	0.00	
170207-114819.28		0.00	0.00	0.00	0.00	0.00	
170207-114819.48		0.00	0.00	0.00	0.00	0.00	
170207-114819.69		0.00	0.00	0.00	0.00	0.00	
170207-114819.89		0.00	0.00	0.00	0.00	0.00	
170207-114820.09		0.00	0.00	0.00	0.00	0.00	
170207-114820.29		0.00	0.00	0.00	0.00	0.00	
170207-114820.49		0.00	0.00	0.00	0.00	0.00	
170207-114820.69		0.00	0.00	0.00	0.00	0.00	
170207-114820.88		0.00	0.00	0.00	0.00	0.00	
170207-114821.09		0.00	0.00	0.00	0.00	0.00	
170207-114821.28		0.00	0.00	0.00	0.00	0.00	
170207-114821.48		0.00	0.00	0.00	0.00	0.00	
170207-114821.69		0.00	0.00	0.00	0.00	0.00	
170207-114821.88		0.00	0.00	0.00	0.00	0.00	
170207-114822.08		0.00	0.00	0.00	0.00	0.00	
170207-114822.28		0.00	0.00	0.00	0.00	0.00	
170207-114822.48		0.00	0.00	0.00	0.00	0.00	
170207-114822.69		0.00	0.00	0.00	0.00	0.00	
170207-114822.88		0.00	0.00	0.00	0.00	0.00	
170207-114823.08		0.00	0.00	0.00	0.00	0.00	
170207-114823.28		0.00	0.00	0.00	0.00	0.00	
170207-114823.49		0.00	0.00	0.00	0.00	0.00	
170207-114823.69		0.00	0.00	0.00	0.00	0.00	
170207-114823.89		0.00	0.00	0.00	0.00	0.00	
170207-114824.09		0.00	0.00	0.00	0.00	0.00	
170207-114824.28		0.00	0.00	0.00	0.00	0.00	
170207-114824.48		0.00	0.00	0.00	0.00	0.00	
170207-114824.69		0.00	0.00	0.00	0.00	0.00	
170207-114824.88		0.00	0.00	0.00	0.00	0.00	
170207-114825.08		0.00	0.00	0.00	0.00	0.00	
170207-114825.28		0.00	0.00	0.00	0.00	0.00	
170207-114825.49		0.00	0.00	0.00	0.00	0.00	
170207-114825.69		0.00	0.00	0.00	0.00	0.00	
170207-114825.88		0.00	0.00	0.00	0.00	0.00	
170207-114826.08		0.00	0.00	0.00	0.00	0.00	
170207-114826.28		0.00	0.00	0.00	0.00	0.00	
170207-114826.49		0.00	0.00	0.00	0.00	0.00	
170207-114826.69		0.00	0.00	0.00	0.00	0.00	
170207-114826.88		0.00	0.00	0.00	0.00	0.00	
170207-114827.08		0.00	0.00	0.00	0.00	0.00	
170207-114827.28		0.00	0.00	0.00	0.00	0.00	
170207-114827.48		0.00	0.00	0.00	0.00	0.00	
170207-114827.69		0.00	0.00	0.00	0.00	0.00	
170207-114827.89		0.00	0.00	0.00	0.00	0.00	
170207-114828.08		0.00	0.00	0.00	0.00	0.00	
170207-114828.28		0.00	0.00	0.00	0.00	0.00	
170207-114828.48		0.00	0.00	0.00	0.00	0.00	
170207-114828.69		0.00	0.00	0.00	0.00	0.00	
170207-114828.89		0.00	0.00	0.00	0.00	0.00	
170207-114829.08		0.00	0.00	0.00	0.00	0.00	
170207-114829.28		0.00	0.00	0.00	0.00	0.00	
170207-114829.48		0.00	0.00	0.00	0.00	0.00	
170207-114829.69		0.00	0.00	0.00	0.00	0.00	
170207-114829.88		0.00	0.00	0.00	0.00	0.00	
170207-114830.09		0.00	0.00	0.00	0.00	0.00	
170207-114830.28		0.00	0.00	0.00	0.00	0.00	
170207-114830.48		0.00	0.00	0.00	0.00	0.00	
170207-114830.68		0.00	0.00	0.00	0.00	0.00	
170207-114830.88		0.00	0.00	0.00	0.00	0.00	
170207-114831.09		0.00	0.00	0.00	0.00	0.00	
170207-114831.28		0.00	0.00	0.00	0.00	0.00	
170207-114831.48		0.00	0.00	0.00	0.00	0.00	
170207-114831.69		0.00	0.00	0.00	0.00	0.00	
170207-114831.88		0.00	0.00	0.00	0.00	0.00	
170207-114832.08		0.00	0.00	0.00	0.00	0.00	
170207-114832.28		0.00	0.00	0.00	0.00	0.00	
170207-114832.48		0.00	0.00	0.00	0.00	0.00	
170207-114832.69		0.00	0.00	0.00	0.00	0.00	
170207-114832.89		0.00	0.00	0.00	0.00	0.00	
170207-114833.08		0.00	0.00	0.00	0.00	0.00	
170207-114833.28		0.00	0.00	0.00	0.00	0.00	
170207-114833.49		0.00	0.00	0.00	0.00	0.00	
170207-114833.69		0.00	0.00	0.00	0.00	0.00	
170207-114833.88		0.00	0.00	0.00	0.00	0.00	
170207-114834.08		0.00	0.00	0.00	0.00	0.00	
170207-114834.28		0.00	0.00	0.00	0.00	0.00	
170207-114834.48		0.00	0.00	0.00	0.00	0.00	
170207-114834.69		0.00	0.00	0.00	0.00	0.00	
170207-114834.88		0.00	0.00	0.00	0.00	0.00	
170207-114835.08		0.00	0.00	0.00	0.00	0.00	
170207-114835.28		0.00	0.00	0.00	0.00	0.00	
170207-114835.49		0.00	0.00	0.00	0.00	0.00	
170207-114835.68		0.00	0.00	0.00	0.00	0.00	
170207-114835.89		0.00	0.00	0.00	0.00	0.00	
170207-114836.08		0.00	0.00	0.00	0.00	0.00	
170207-114836.28		0.00	0.00	0.00	0.00	0.00	
170207-114836.49		0.00	0.00	0.00	0.00	0.00	
170207-114836.69		0.00	0.00	0.00	0.00	0.00	
170207-114836.88		0.00	0.00	0.00	0.00	0.00	
170207-114837.08		0.00	0.00	0.00	0.00	0.00	
170207-114837.28		0.00	0.00	0.00	0.00	0.00	
170207-114837.48		0.00	0.00	0.00	0.00	0.00	
170207-114837.69		0.00	0.00	0.00	0.00	0.00	
170207-114837.88		0.00	0.00	0.00	0.00	0.00	
170207-114838.09		0.00	0.00	0.00	0.00	0.00	
170207-114838.28		0.00	0.00	0.00	0.00	0.00	
170207-114838.48		0.00	0.00	0.00	0.00	0.00	
170207-114838.69		0.00	0.00	0.00	0.00	0.00	
170207-114838.88		0.00	0.00	0.00	0.00	0.00	
170207-114839.08		0.00	0.00	0.00	0.00	0.00	
170207-114839.28		0.00	0.00	0.00	0.00	0.00	
170207-114839.48		0.00	0.00	0.00	0.00	0.00	
170207-114839.69		0.00	0.00	0.00	0.00	0.00	
170207-114839.89		0.00	0.00	0.00	0.00	0.00	
170207-114840.08		0.00	0.00	0.00	0.00	0.00	
170207-114840.29		0.00	0.00	0.00	0.00	0.00	
170207-114840.49		0.00	0.00	0.00	0.00	0.00	
170207-114840.69		0.00	0.00	0.00	0.00	0.00	
170207-114840.88		0.00	0.00	0.00	0.00	0.00	
170207-114841.08		0.00	0.00	0.00	0.00	0.00	
170207-114841.28		0.00	0.00	0.00	0.00	0.00	
170207-114841.49		0.00	0.00	0.00	0.00	0.00	
170207-114841.69		0.00	0.00	0.00	0.00	0.00	
170207-114841.88		0.00	0.00	0.00	0.00	0.00	
170207-114842.08		0.00	0.00	0.00	0.00	0.00	
170207-114842.28		0.00	0.00	0.00	0.00	0.00	
170207-114842.49		0.00	0.00	0.00	0.00	0.00	
170207-114842.69		0.00	0.00	0.00	0.00	0.00	
170207-114842.88		0.00	0.00	0.00	0.00	0.00	
170207-114843.08		0.00	0.00	0.00	0.00	0.00	
170207-114843.29		0.00	0.00	0.00	0.00	0.00	
170207-114843.48		0.00	0.00	0.00	0.00	0.00	
170207-114843.68		0.00	0.00	0.00	0.00	0.00	
170207-114843.88		0.00	0.00	0.00	0.00	0.00	
170207-114844.09		0.00	0.00	0.00	0.00	0.00	
170207-114844.28		0.00	0.00	0.00	0.00	0.00	
170207-114844.48		0.00	0.00	0.00	0.00	0.00	
170207-114844.68		0.00	0.00	0.00	0.00	0.00	
170207-114844.89		0.00	0.00	0.00	0.00	0.00	
170207-114845.08		0.00	0.00	0.00	0.00	0.00	
170207-114845.28		0.00	0.00	0.00	0.00	0.00	
170207-114845.48		0.00	0.00	0.00	0.00	0.00	
170207-114845.69		0.00	0.00	0.00	0.00	0.00	
170207-114845.88		0.00	0.00	0.00	0.00	0.00	
170207-114846.08		0.00	0.00	0.00	0.00	0.00	
170207-114846.28		0.00	0.00	0.00	0.00	0.00	
170207-114846.49		0.00	0.00	0.00	0.00	0.00	
170207-114846.69		0.00	0.00	0.00	0.00	0.00	
170207-114846.88		0.00	0.00	0.00	0.00	0.00	
170207-114847.08		0.00	0.00	0.00	0.00	0.00	
170207-114847.28		0.00	0.00	0.00	0.00	0.00	
170207-114847.49		0.00	0.00	0.00	0.00	0.00	
170207-114847.69		0.00	0.00	0.00	0.00	0.00	
170207-114847.88		0.00	0.00	0.00	0.00	0.00	
170207-114848.08		0.00	0.00	0.00	0.00	0.00	
170207-114848.28		0.00	0.00	0.00	0.00	0.00	
170207-114848.49		0.00	0.00	0.00	0.00	0.00	
170207-114848.69		0.00	0.00	0.00	0.00	0.00	
170207-114848.88		0.00	0.00	0.00	0.00	0.00	
170207-114849.08		0.00	0.00	0.00	0.00	0.00	
170207-114849.28		0.00	0.00	0.00	0.00	0.00	
170207-114849.49		0.00	0.00	0.00	0.00	0.00	
170207-114849.69		0.00	0.00	0.00	0.00	0.00	
170207-114849.88		0.00	0.00	0.00	0.00	0.00	
170207-114850.08		0.00	0.00	0.00	0.00	0.00	
170207-114850.28		0.00	0.00	0.00	0.00	0.00	
170207-114850.48		0.00	0.00	0.00	0.00	0.00	
170207-114850.69		0.00	0.00	0.00	0.00	0.00	
170207-114850.88		0.00	0.00	0.00	0.00	0.00	
170207-114851.09		0.00	0.00	0.00	0.00	0.00	
170207-114851.28		0.00	0.00	0.00	0.00	0.00	
170207-114851.48		0.00	0.00	0.00	0.00	0.00	
170207-114851.69		0.00	0.00	0.00	0.00	0.00	
170207-114851.88		0.00	0.00	0.00	0.00	0.00	
170207-114852.09		0.00	0.00	0.00	0.00	0.00	
170207-114852.28		0.00	0.00	0.00	0.00	0.00	
170207-114852.49		0.00	0.00	0.00	0.00	0.00	
170207-114852.68		0.00	0.00	0.00	0.00	0.00	
170207-114852.88		0.00	0.00	0.00	0.00	0.00	
170207-114853.08		0.00	0.00	0.00	0.00	0.00	
170207-114853.28		0.00	0.00	0.00	0.00	0.00	
170207-114853.48		0.00	0.00	0.00	0.00	0.00	
170207-114853.68		0.00	0.00	0.00	0.00	0.00	
170207-114853.88		0.00	0.00	0.00	0.00	0.00	
170207-114854.08		0.00	0.00	0.00	0.00	0.00	
170207-114854.29		0.00	0.00	0.00	0.00	0.00	
170207-114854.49		0.00	0.00	0.00	0.00	0.00	
170207-114854.68		0.00	0.00	0.00	0.00	0.00	
170207-114854.88		0.00	0.00	0.00	0.00	0.00	
170207-114855.09		0.00	0.00	0.00	0.00	0.00	
170207-114855.28		0.00	0.00	0.00	0.00	0.00	
170207-114855.49		0.00	0.00	0.00	0.00	0.00	
170207-114855.68		0.00	0.00	0.00	0.00	0.00	
170207-114855.88		0.00	0.00	0.00	0.00	0.00	
170207-114856.08		0.00	0.00	0.00	0.00	0.00	
170207-114856.28		0.00	0.00	0.00	0.00	0.00	
170207-114856.49		0.00	0.00	0.00	0.00	0.00	
170207-114856.69		0.00	0.00	0.00	0.00	0.00	
170207-114856.88		0.00	0.00	0.00	0.00	0.00	
170207-114857.08		0.00	0.00	0.00	0.00	0.00	
170207-114857.28		0.00	0.00	0.00	0.00	0.00	
170207-114857.49		0.00	0.00	0.00	0.00	0.00	
170207-114857.68		0.00	0.00	0.00	0.00	0.00	
170207-114857.88		0.00	0.00	0.00	0.00	0.00	
170207-114858.08		0.00	0.00	0.00	0.00	0.00	
170207-114858.28		0.00	0.00	0.00	0.00	0.00	
170207-114858.48		0.00	0.00	0.00	0.00	0.00	
170207-114858.69		0.00	0.00	0.00	0.00	0.00	
170207-114858.89		0.00	0.00	0.00	0.00	0.00	
170207-114859.09		0.00	0.00	0.00	0.00	0.00	
170207-114859.28		0.00	0.00	0.00	0.00	0.00	
170207-114859.48		0.00	0.00	0.00	0.00	0.00	
170207-114859.68		0.00	0.00	0.00	0.00	0.00	
170207-114859.88		0.00	0.00	0.00	0.00	0.00	
170207-114900.08		0.00	0.00	0.00	0.00	0.00	
170207-114900.28		0.00	0.00	0.00	0.00	0.00	
170207-114900.48		0.00	0.00	0.00	0.00	0.00	
170207-114900.68		0.00	0.00	0.00	0.00	0.00	
170207-114900.88		0.00	0.00	0.00	0.00	0.00	
170207-114901.08		0.00	0.00	0.00	0.00	0.00	
170207-114901.28		0.00	0.00	0.00	0.00	0.00	
170207-114901.48		0.00	0.00	0.00	0.00	0.00	
170207-114901.68		0.00	0.00	0.00	0.00	0.00	
170207-114901.88		0.00	0.00	0.00	0.00	0.00	
170207-114902.08		0.00	0.00	0.00	0.00	0.00	
170207-114902.28		0.00	0.00	0.00	0.00	0.00	
170207-114902.48		0.00	0.00	0.00	0.00	0.00	
170207-114902.69		0.00	0.00	0.00	0.00	0.00	
170207-114902.88		0.00	0.00	0.00	0.00	0.00	
170207-114903.08		0.00	0.00	0.00	0.00	0.00	
170207-114903.28		0.00	0.00	0.00	0.00	0.00	
170207-114903.48		0.00	0.00	0.00	0.00	0.00	
170207-114903.69		0.00	0.00	0.00	0.00	0.00	
170207-114903.89		0.00	0.00	0.00	0.00	0.00	
